<?xml version="1.0" encoding="UTF-8"?>
<testsuite name="net.sourceforge.ganttproject.test.task.calendar.TestWeekendCalendar" tests="2" skipped="0" failures="0" errors="0" timestamp="2022-11-28T10:14:06" hostname="10-22-144-66.bib.eduroam.fct.unl.pt" time="0.086">
  <properties/>
  <testcase name="testTaskOverlappingWeekendIsTwoDaysShorter" classname="net.sourceforge.ganttproject.test.task.calendar.TestWeekendCalendar" time="0.084"/>
  <testcase name="testNoWeekendsButHasHolidays" classname="net.sourceforge.ganttproject.test.task.calendar.TestWeekendCalendar" time="0.001"/>
  <system-out><![CDATA[]]></system-out>
  <system-err><![CDATA[]]></system-err>
</testsuite>
