<?xml version="1.0" encoding="UTF-8"?>
<testsuite name="net.sourceforge.ganttproject.test.task.dependency.TestDependencyCycle" tests="3" skipped="0" failures="0" errors="0" timestamp="2022-11-28T10:14:07" hostname="10-22-144-66.bib.eduroam.fct.unl.pt" time="0.007">
  <properties/>
  <testcase name="testSimpleCycle" classname="net.sourceforge.ganttproject.test.task.dependency.TestDependencyCycle" time="0.001"/>
  <testcase name="testLoopingDependencyTargetedAtSupertask" classname="net.sourceforge.ganttproject.test.task.dependency.TestDependencyCycle" time="0.003"/>
  <testcase name="testDependencyTargetedToNestedTask" classname="net.sourceforge.ganttproject.test.task.dependency.TestDependencyCycle" time="0.002"/>
  <system-out><![CDATA[]]></system-out>
  <system-err><![CDATA[]]></system-err>
</testsuite>
