<?xml version="1.0" encoding="UTF-8"?>
<testsuite name="biz.ganttproject.impex.csv.CsvImportTest" tests="7" skipped="0" failures="0" errors="0" timestamp="2022-11-28T10:14:06" hostname="10-22-144-66.bib.eduroam.fct.unl.pt" time="0.007">
  <properties/>
  <testcase name="testSkipUntilFirstHeader" classname="biz.ganttproject.impex.csv.CsvImportTest" time="0.001"/>
  <testcase name="testSkipLinesWithEmptyMandatoryFields" classname="biz.ganttproject.impex.csv.CsvImportTest" time="0.001"/>
  <testcase name="testBasic" classname="biz.ganttproject.impex.csv.CsvImportTest" time="0.001"/>
  <testcase name="testSkipEmptyLine" classname="biz.ganttproject.impex.csv.CsvImportTest" time="0.0"/>
  <testcase name="testTwoGroups" classname="biz.ganttproject.impex.csv.CsvImportTest" time="0.001"/>
  <testcase name="testIncompleteHeader" classname="biz.ganttproject.impex.csv.CsvImportTest" time="0.001"/>
  <testcase name="testTrailingEmptyCells" classname="biz.ganttproject.impex.csv.CsvImportTest" time="0.001"/>
  <system-out><![CDATA[]]></system-out>
  <system-err><![CDATA[]]></system-err>
</testsuite>
