<?xml version="1.0" encoding="UTF-8"?>
<testsuite name="net.sourceforge.ganttproject.test.task.dependency.TestFinishFinishDependency" tests="3" skipped="0" failures="0" errors="0" timestamp="2022-11-28T10:14:07" hostname="10-22-144-66.bib.eduroam.fct.unl.pt" time="0.178">
  <properties/>
  <testcase name="testNoLagDependency" classname="net.sourceforge.ganttproject.test.task.dependency.TestFinishFinishDependency" time="0.055"/>
  <testcase name="testDependencyWithLag" classname="net.sourceforge.ganttproject.test.task.dependency.TestFinishFinishDependency" time="0.031"/>
  <testcase name="testDependencyWithLagCrossingWeekend" classname="net.sourceforge.ganttproject.test.task.dependency.TestFinishFinishDependency" time="0.091"/>
  <system-out><![CDATA[]]></system-out>
  <system-err><![CDATA[]]></system-err>
</testsuite>
