<?xml version="1.0" encoding="UTF-8"?>
<testsuite name="biz.ganttproject.core.chart.scene.TestBottomUnitSceneBuilder" tests="1" skipped="0" failures="0" errors="0" timestamp="2022-11-28T10:14:11" hostname="10-22-144-66.bib.eduroam.fct.unl.pt" time="0.006">
  <properties/>
  <testcase name="testWeekendLabelsAreEmpty" classname="biz.ganttproject.core.chart.scene.TestBottomUnitSceneBuilder" time="0.006"/>
  <system-out><![CDATA[]]></system-out>
  <system-err><![CDATA[]]></system-err>
</testsuite>
