<?xml version="1.0" encoding="UTF-8"?>
<testsuite name="biz.ganttproject.core.calendar.WeekendCalendarImplTest" tests="5" skipped="0" failures="0" errors="0" timestamp="2022-11-28T10:14:05" hostname="10-22-144-66.bib.eduroam.fct.unl.pt" time="0.057">
  <properties/>
  <testcase name="testOneOffWorking" classname="biz.ganttproject.core.calendar.WeekendCalendarImplTest" time="0.043"/>
  <testcase name="testOneOffWorkingWeekend" classname="biz.ganttproject.core.calendar.WeekendCalendarImplTest" time="0.002"/>
  <testcase name="testRecurringHoliday" classname="biz.ganttproject.core.calendar.WeekendCalendarImplTest" time="0.001"/>
  <testcase name="testSetEvents" classname="biz.ganttproject.core.calendar.WeekendCalendarImplTest" time="0.005"/>
  <testcase name="testOneOffHoliday" classname="biz.ganttproject.core.calendar.WeekendCalendarImplTest" time="0.001"/>
  <system-out><![CDATA[]]></system-out>
  <system-err><![CDATA[]]></system-err>
</testsuite>
