<?xml version="1.0" encoding="UTF-8"?>
<testsuite name="net.sourceforge.ganttproject.test.task.hierarchy.TestTaskDocumentOrder" tests="1" skipped="0" failures="0" errors="0" timestamp="2022-11-28T10:14:08" hostname="10-22-144-66.bib.eduroam.fct.unl.pt" time="0.004">
  <properties/>
  <testcase name="testTasksAreInDocumentOrder" classname="net.sourceforge.ganttproject.test.task.hierarchy.TestTaskDocumentOrder" time="0.004"/>
  <system-out><![CDATA[]]></system-out>
  <system-err><![CDATA[]]></system-err>
</testsuite>
