<?xml version="1.0" encoding="UTF-8"?>
<testsuite name="net.sourceforge.ganttproject.test.task.TestTaskCompletionPercentage" tests="4" skipped="0" failures="0" errors="0" timestamp="2022-11-28T10:14:08" hostname="10-22-144-66.bib.eduroam.fct.unl.pt" time="0.264">
  <properties/>
  <testcase name="testCompletionIs50WhenAllNestedTasksHalfCompleted" classname="net.sourceforge.ganttproject.test.task.TestTaskCompletionPercentage" time="0.076"/>
  <testcase name="testCompletionWithMilestones" classname="net.sourceforge.ganttproject.test.task.TestTaskCompletionPercentage" time="0.001"/>
  <testcase name="testCompletionIs100WhenAllNestedTasksCompleted" classname="net.sourceforge.ganttproject.test.task.TestTaskCompletionPercentage" time="0.104"/>
  <testcase name="testCompletionIs0WhenAllNestedTasksNotStarted" classname="net.sourceforge.ganttproject.test.task.TestTaskCompletionPercentage" time="0.082"/>
  <system-out><![CDATA[]]></system-out>
  <system-err><![CDATA[]]></system-err>
</testsuite>
