<?xml version="1.0" encoding="UTF-8"?>
<testsuite name="biz.ganttproject.impex.msproject2.ProjectCalendarTest" tests="2" skipped="0" failures="0" errors="0" timestamp="2022-11-28T10:14:10" hostname="10-22-144-66.bib.eduroam.fct.unl.pt" time="0.935">
  <properties/>
  <testcase name="testImportCalendarEvents" classname="biz.ganttproject.impex.msproject2.ProjectCalendarTest" time="0.902"/>
  <testcase name="testExportCalendarEvents" classname="biz.ganttproject.impex.msproject2.ProjectCalendarTest" time="0.033"/>
  <system-out><![CDATA[]]></system-out>
  <system-err><![CDATA[]]></system-err>
</testsuite>
