<?xml version="1.0" encoding="UTF-8"?>
<testsuite name="net.sourceforge.ganttproject.test.task.TestCriticalPath" tests="10" skipped="0" failures="0" errors="0" timestamp="2022-11-28T10:14:08" hostname="10-22-144-66.bib.eduroam.fct.unl.pt" time="0.05">
  <properties/>
  <testcase name="testFinishFinishConstraint" classname="net.sourceforge.ganttproject.test.task.TestCriticalPath" time="0.009"/>
  <testcase name="testLag" classname="net.sourceforge.ganttproject.test.task.TestCriticalPath" time="0.003"/>
  <testcase name="testStartStartConstraint" classname="net.sourceforge.ganttproject.test.task.TestCriticalPath" time="0.005"/>
  <testcase name="testTaskBeforeNonCriticalIsNonCritical" classname="net.sourceforge.ganttproject.test.task.TestCriticalPath" time="0.006"/>
  <testcase name="testLongerPathIsCritical" classname="net.sourceforge.ganttproject.test.task.TestCriticalPath" time="0.005"/>
  <testcase name="testSinglePathIsCritical" classname="net.sourceforge.ganttproject.test.task.TestCriticalPath" time="0.003"/>
  <testcase name="testEqualPathsAreBothCritical" classname="net.sourceforge.ganttproject.test.task.TestCriticalPath" time="0.004"/>
  <testcase name="testUnlinkedTaskICriticalIfEndsAtTheProjectEnd" classname="net.sourceforge.ganttproject.test.task.TestCriticalPath" time="0.004"/>
  <testcase name="testCriticalPathInsideCriticalSupertask" classname="net.sourceforge.ganttproject.test.task.TestCriticalPath" time="0.005"/>
  <testcase name="testStartFinishConstraint" classname="net.sourceforge.ganttproject.test.task.TestCriticalPath" time="0.004"/>
  <system-out><![CDATA[]]></system-out>
  <system-err><![CDATA[]]></system-err>
</testsuite>
