<?xml version="1.0" encoding="UTF-8"?>
<testsuite name="net.sourceforge.ganttproject.test.task.calendar.TestWorkingUnitCounter" tests="3" skipped="0" failures="0" errors="0" timestamp="2022-11-28T10:14:06" hostname="10-22-144-66.bib.eduroam.fct.unl.pt" time="0.005">
  <properties/>
  <testcase name="testWorkingDaysChunk" classname="net.sourceforge.ganttproject.test.task.calendar.TestWorkingUnitCounter" time="0.002"/>
  <testcase name="testChunkAcrossHolidays" classname="net.sourceforge.ganttproject.test.task.calendar.TestWorkingUnitCounter" time="0.001"/>
  <testcase name="testChunkAcrossWeekend" classname="net.sourceforge.ganttproject.test.task.calendar.TestWorkingUnitCounter" time="0.001"/>
  <system-out><![CDATA[]]></system-out>
  <system-err><![CDATA[]]></system-err>
</testsuite>
