<?xml version="1.0" encoding="UTF-8"?>
<testsuite name="net.sourceforge.ganttproject.test.task.dependency.Test1362749" tests="1" skipped="0" failures="0" errors="0" timestamp="2022-11-28T10:14:06" hostname="10-22-144-66.bib.eduroam.fct.unl.pt" time="0.011">
  <properties/>
  <testcase name="testBugReport1362749" classname="net.sourceforge.ganttproject.test.task.dependency.Test1362749" time="0.011"/>
  <system-out><![CDATA[]]></system-out>
  <system-err><![CDATA[]]></system-err>
</testsuite>
