<?xml version="1.0" encoding="UTF-8"?>
<testsuite name="net.sourceforge.ganttproject.test.task.calendar.TestSetLength" tests="5" skipped="0" failures="0" errors="0" timestamp="2022-11-28T10:14:06" hostname="10-22-144-66.bib.eduroam.fct.unl.pt" time="0.136">
  <properties/>
  <testcase name="testTaskStartingOnSundayLastingOneDayEndsOnTuesday" classname="net.sourceforge.ganttproject.test.task.calendar.TestSetLength" time="0.004"/>
  <testcase name="testTaskStartingOnSaturdayLastingOneDayEndsOnTuesday" classname="net.sourceforge.ganttproject.test.task.calendar.TestSetLength" time="0.002"/>
  <testcase name="testTaskStartingOnFridayLastingTwoDaysEndsOnTuesday" classname="net.sourceforge.ganttproject.test.task.calendar.TestSetLength" time="0.001"/>
  <testcase name="testTaskOverlappingWeekendIsTwoDaysShorter" classname="net.sourceforge.ganttproject.test.task.calendar.TestSetLength" time="0.124"/>
  <testcase name="testNoWeekendsButHasHolidays" classname="net.sourceforge.ganttproject.test.task.calendar.TestSetLength" time="0.005"/>
  <system-out><![CDATA[]]></system-out>
  <system-err><![CDATA[]]></system-err>
</testsuite>
