<?xml version="1.0" encoding="UTF-8"?>
<testsuite name="net.sourceforge.ganttproject.test.task.dependency.TestDependencyFormatting" tests="6" skipped="0" failures="0" errors="0" timestamp="2022-11-28T10:14:06" hostname="10-22-144-66.bib.eduroam.fct.unl.pt" time="0.359">
  <properties/>
  <testcase name="testDependencyTypeFormatting" classname="net.sourceforge.ganttproject.test.task.dependency.TestDependencyFormatting" time="0.057"/>
  <testcase name="testBasicDependencyFormatting" classname="net.sourceforge.ganttproject.test.task.dependency.TestDependencyFormatting" time="0.062"/>
  <testcase name="testFullDependencyParsing" classname="net.sourceforge.ganttproject.test.task.dependency.TestDependencyFormatting" time="0.094"/>
  <testcase name="testFullDependencyFormatting" classname="net.sourceforge.ganttproject.test.task.dependency.TestDependencyFormatting" time="0.072"/>
  <testcase name="testBasicDependencyParsing" classname="net.sourceforge.ganttproject.test.task.dependency.TestDependencyFormatting" time="0.034"/>
  <testcase name="testDependencyTypeParsing" classname="net.sourceforge.ganttproject.test.task.dependency.TestDependencyFormatting" time="0.04"/>
  <system-out><![CDATA[]]></system-out>
  <system-err><![CDATA[]]></system-err>
</testsuite>
