<?xml version="1.0" encoding="UTF-8"?>
<testsuite name="net.sourceforge.ganttproject.test.time.GregorianTimeStackTest" tests="4" skipped="0" failures="0" errors="0" timestamp="2022-11-28T10:14:08" hostname="10-22-144-66.bib.eduroam.fct.unl.pt" time="0.001">
  <properties/>
  <testcase name="testDayContains24Hours" classname="net.sourceforge.ganttproject.test.time.GregorianTimeStackTest" time="0.001"/>
  <testcase name="testDayContains1440Minutes" classname="net.sourceforge.ganttproject.test.time.GregorianTimeStackTest" time="0.0"/>
  <testcase name="testDayContains1Day" classname="net.sourceforge.ganttproject.test.time.GregorianTimeStackTest" time="0.0"/>
  <testcase name="testDayContains86400Seconds" classname="net.sourceforge.ganttproject.test.time.GregorianTimeStackTest" time="0.0"/>
  <system-out><![CDATA[]]></system-out>
  <system-err><![CDATA[]]></system-err>
</testsuite>
