<?xml version="1.0" encoding="UTF-8"?>
<testsuite name="net.sourceforge.ganttproject.test.task.dependency.TestSupertaskAdjustment" tests="3" skipped="0" failures="0" errors="0" timestamp="2022-11-28T10:14:07" hostname="10-22-144-66.bib.eduroam.fct.unl.pt" time="0.241">
  <properties/>
  <testcase name="testTaskDurationChangeIsPropagatedTwoLevelsUp" classname="net.sourceforge.ganttproject.test.task.dependency.TestSupertaskAdjustment" time="0.08"/>
  <testcase name="testSupetaskDurationGrowsWhenNestedTasksGrow" classname="net.sourceforge.ganttproject.test.task.dependency.TestSupertaskAdjustment" time="0.076"/>
  <testcase name="testSupertaskDurationShrinksWhenNestedTasksShrink" classname="net.sourceforge.ganttproject.test.task.dependency.TestSupertaskAdjustment" time="0.085"/>
  <system-out><![CDATA[]]></system-out>
  <system-err><![CDATA[]]></system-err>
</testsuite>
