<?xml version="1.0" encoding="UTF-8"?>
<testsuite name="net.sourceforge.ganttproject.test.task.dependency.TestDependencyActivityBinding" tests="1" skipped="0" failures="0" errors="0" timestamp="2022-11-28T10:14:06" hostname="10-22-144-66.bib.eduroam.fct.unl.pt" time="0.077">
  <properties/>
  <testcase name="testFinishStartBindings" classname="net.sourceforge.ganttproject.test.task.dependency.TestDependencyActivityBinding" time="0.077"/>
  <system-out><![CDATA[]]></system-out>
  <system-err><![CDATA[]]></system-err>
</testsuite>
