<?xml version="1.0" encoding="UTF-8"?>
<testsuite name="net.sourceforge.ganttproject.test.task.TestResourceAssignments" tests="7" skipped="0" failures="0" errors="0" timestamp="2022-11-28T10:14:08" hostname="10-22-144-66.bib.eduroam.fct.unl.pt" time="0.013">
  <properties/>
  <testcase name="testAssignmentDisappearOnResourceDeletion" classname="net.sourceforge.ganttproject.test.task.TestResourceAssignments" time="0.003"/>
  <testcase name="testAssignmentsDisappearOnSummaryTaskDeletion" classname="net.sourceforge.ganttproject.test.task.TestResourceAssignments" time="0.002"/>
  <testcase name="testResourceIsNotAssignedTwice" classname="net.sourceforge.ganttproject.test.task.TestResourceAssignments" time="0.001"/>
  <testcase name="testAssignmentUpdateAndDelete" classname="net.sourceforge.ganttproject.test.task.TestResourceAssignments" time="0.004"/>
  <testcase name="testAssignmentsDisappearOnTaskDeletion" classname="net.sourceforge.ganttproject.test.task.TestResourceAssignments" time="0.001"/>
  <testcase name="testResourceAppearsInListAfterCreation" classname="net.sourceforge.ganttproject.test.task.TestResourceAssignments" time="0.0"/>
  <testcase name="testResourceDisappearsFromListAfterAssignmentDeletion" classname="net.sourceforge.ganttproject.test.task.TestResourceAssignments" time="0.0"/>
  <system-out><![CDATA[]]></system-out>
  <system-err><![CDATA[]]></system-err>
</testsuite>
