<?xml version="1.0" encoding="UTF-8"?>
<testsuite name="biz.ganttproject.core.chart.canvas.FontChooserTest" tests="6" skipped="0" failures="0" errors="0" timestamp="2022-11-28T10:14:05" hostname="10-22-144-66.bib.eduroam.fct.unl.pt" time="0.075">
  <properties/>
  <testcase name="testCustomFamilyIncrement" classname="biz.ganttproject.core.chart.canvas.FontChooserTest" time="0.071"/>
  <testcase name="testBaseFontIncrement" classname="biz.ganttproject.core.chart.canvas.FontChooserTest" time="0.001"/>
  <testcase name="testNoFontStyle" classname="biz.ganttproject.core.chart.canvas.FontChooserTest" time="0.0"/>
  <testcase name="testCustomFontSpec" classname="biz.ganttproject.core.chart.canvas.FontChooserTest" time="0.001"/>
  <testcase name="testCustomFamilyAbsolute" classname="biz.ganttproject.core.chart.canvas.FontChooserTest" time="0.001"/>
  <testcase name="testBaseFontAbsoluteValue" classname="biz.ganttproject.core.chart.canvas.FontChooserTest" time="0.001"/>
  <system-out><![CDATA[]]></system-out>
  <system-err><![CDATA[]]></system-err>
</testsuite>
