<?xml version="1.0" encoding="UTF-8"?>
<testsuite name="net.sourceforge.ganttproject.test.task.ImportTasksTestCase" tests="2" skipped="0" failures="0" errors="0" timestamp="2022-11-28T10:14:08" hostname="10-22-144-66.bib.eduroam.fct.unl.pt" time="0.007">
  <properties/>
  <testcase name="testImportCustomColumns" classname="net.sourceforge.ganttproject.test.task.ImportTasksTestCase" time="0.003"/>
  <testcase name="testImportingPreservesIDs" classname="net.sourceforge.ganttproject.test.task.ImportTasksTestCase" time="0.003"/>
  <system-out><![CDATA[]]></system-out>
  <system-err><![CDATA[]]></system-err>
</testsuite>
