<?xml version="1.0" encoding="UTF-8"?>
<testsuite name="net.sourceforge.ganttproject.chart.mouse.ChangeTaskProgressRulerTest" tests="2" skipped="0" failures="0" errors="0" timestamp="2022-11-28T10:14:08" hostname="10-22-144-66.bib.eduroam.fct.unl.pt" time="0.197">
  <properties/>
  <testcase name="testSimpleRuler" classname="net.sourceforge.ganttproject.chart.mouse.ChangeTaskProgressRulerTest" time="0.152"/>
  <testcase name="testRulerOverWeekend" classname="net.sourceforge.ganttproject.chart.mouse.ChangeTaskProgressRulerTest" time="0.045"/>
  <system-out><![CDATA[]]></system-out>
  <system-err><![CDATA[]]></system-err>
</testsuite>
